-------------------------------------------------------------------------------
Test set: co.edu.uniquindio.proyecto.ComentarioServicioTest
-------------------------------------------------------------------------------
Tests run: 1, Failures: 0, Errors: 1, Skipped: 0, Time elapsed: 99.907 s <<< FAILURE! - in co.edu.uniquindio.proyecto.ComentarioServicioTest
listarComentariosPorProductoTest  Time elapsed: 0 s  <<< ERROR!
java.lang.IllegalStateException: Failed to load ApplicationContext
Caused by: org.springframework.beans.factory.BeanCreationException: Error creating bean with name 'comprobantePagoRepo': FactoryBean threw exception on object creation; nested exception is java.lang.IllegalArgumentException: Validation failed for query for method public abstract java.lang.String co.edu.uniquindio.proyecto.repositorios.ComprobantePagoRepo.obtenerUrlCompra(java.lang.Integer)!
Caused by: java.lang.IllegalArgumentException: Validation failed for query for method public abstract java.lang.String co.edu.uniquindio.proyecto.repositorios.ComprobantePagoRepo.obtenerUrlCompra(java.lang.Integer)!
Caused by: java.lang.IllegalArgumentException: org.hibernate.QueryException: could not resolve property: compra of: co.edu.uniquindio.proyecto.entidades.ComprobantePago [select com.url from co.edu.uniquindio.proyecto.entidades.ComprobantePago com where com.compra.id=:idCompra]
Caused by: org.hibernate.QueryException: could not resolve property: compra of: co.edu.uniquindio.proyecto.entidades.ComprobantePago [select com.url from co.edu.uniquindio.proyecto.entidades.ComprobantePago com where com.compra.id=:idCompra]
Caused by: org.hibernate.QueryException: could not resolve property: compra of: co.edu.uniquindio.proyecto.entidades.ComprobantePago

